2025-03-19 20:05:05,305 - spotify_api - INFO - Getting new access token
2025-03-19 20:05:05,361 - spotify_api - ERROR - Failed to get token: 400 - {"error":"invalid_client","error_description":"Invalid client"}
2025-03-19 20:05:05,362 - backoff - INFO - Backing off make_request(...) for 0.5s (requests.exceptions.HTTPError: 400 Client Error: Bad Request for url: https://accounts.spotify.com/api/token)
2025-03-19 20:05:06,555 - spotify_api - INFO - Getting new access token
2025-03-19 20:05:06,619 - spotify_api - ERROR - Failed to get token: 400 - {"error":"invalid_client","error_description":"Invalid client"}
2025-03-19 20:05:06,620 - backoff - INFO - Backing off make_request(...) for 0.5s (requests.exceptions.HTTPError: 400 Client Error: Bad Request for url: https://accounts.spotify.com/api/token)
2025-03-19 20:05:07,806 - spotify_api - INFO - Getting new access token
2025-03-19 20:05:07,852 - spotify_api - ERROR - Failed to get token: 400 - {"error":"invalid_client","error_description":"Invalid client"}
2025-03-19 20:05:07,853 - backoff - INFO - Backing off make_request(...) for 3.9s (requests.exceptions.HTTPError: 400 Client Error: Bad Request for url: https://accounts.spotify.com/api/token)
2025-03-19 20:05:11,784 - spotify_api - INFO - Getting new access token
2025-03-19 20:05:11,842 - spotify_api - ERROR - Failed to get token: 400 - {"error":"invalid_client","error_description":"Invalid client"}
2025-03-19 20:05:11,843 - backoff - INFO - Backing off make_request(...) for 4.9s (requests.exceptions.HTTPError: 400 Client Error: Bad Request for url: https://accounts.spotify.com/api/token)
2025-03-19 20:05:41,599 - spotify_api - INFO - Getting new access token
2025-03-19 20:06:09,025 - spotify_api - INFO - Getting new access token
2025-03-19 20:06:20,358 - spotify_api - INFO - Getting new access token
2025-03-19 20:06:38,097 - spotify_api - INFO - Getting new access token
2025-03-19 20:14:46,658 - spotify_api - INFO - Getting new access token
2025-03-19 20:15:03,069 - spotify_api - INFO - Getting new access token
2025-03-19 20:19:44,162 - spotify_api - INFO - Getting new access token
2025-03-19 20:20:38,869 - spotify_api - INFO - Getting new access token
2025-03-19 20:21:26,029 - spotify_api - INFO - Getting new access token
2025-03-19 20:40:31,101 - spotify_api - INFO - Getting new access token
2025-03-19 20:41:53,679 - spotify_api - INFO - Getting new access token
2025-03-19 20:50:24,004 - spotify_api - INFO - Getting new access token
2025-03-19 20:52:45,792 - spotify_api - INFO - Getting new access token
2025-03-19 20:53:44,580 - spotify_api - INFO - Getting new access token
2025-03-19 21:02:39,326 - spotify_api - INFO - Getting new access token
2025-03-19 21:04:06,869 - spotify_api - INFO - Getting new access token
2025-03-19 21:07:00,603 - spotify_api - INFO - Getting new access token
2025-03-19 22:06:00,732 - spotify_api - INFO - Getting new access token
2025-03-19 22:22:01,190 - backoff - INFO - Backing off make_request(...) for 0.9s (requests.exceptions.HTTPError: 400 Client Error: Bad Request for url: https://api.spotify.com/v1/search?q=&type=artist&limit=1)
2025-03-19 22:22:02,469 - backoff - INFO - Backing off make_request(...) for 0.3s (requests.exceptions.HTTPError: 400 Client Error: Bad Request for url: https://api.spotify.com/v1/search?q=&type=artist&limit=1)
2025-03-19 22:22:03,688 - backoff - INFO - Backing off make_request(...) for 3.0s (requests.exceptions.HTTPError: 400 Client Error: Bad Request for url: https://api.spotify.com/v1/search?q=&type=artist&limit=1)
2025-03-19 22:22:06,754 - backoff - INFO - Backing off make_request(...) for 6.1s (requests.exceptions.HTTPError: 400 Client Error: Bad Request for url: https://api.spotify.com/v1/search?q=&type=artist&limit=1)
2025-03-19 22:22:12,898 - backoff - ERROR - Giving up make_request(...) after 5 tries (requests.exceptions.HTTPError: 400 Client Error: Bad Request for url: https://api.spotify.com/v1/search?q=&type=artist&limit=1)
2025-03-19 22:22:12,898 - spotify_api - ERROR - Error searching for artist '': 400 Client Error: Bad Request for url: https://api.spotify.com/v1/search?q=&type=artist&limit=1
2025-03-19 22:28:29,695 - spotify_api - INFO - Getting new access token
2025-03-19 22:36:59,941 - backoff - INFO - Backing off make_request(...) for 0.0s (requests.exceptions.ConnectionError: ('Connection aborted.', ConnectionResetError(10054, 'An existing connection was forcibly closed by the remote host', None, 10054, None)))
2025-03-19 23:10:56,484 - backoff - INFO - Backing off make_request(...) for 0.7s (requests.exceptions.ConnectionError: ('Connection aborted.', ConnectionResetError(10054, 'An existing connection was forcibly closed by the remote host', None, 10054, None)))
2025-03-19 23:27:30,629 - spotify_api - INFO - Getting new access token
2025-03-20 00:04:44,083 - backoff - INFO - Backing off make_request(...) for 0.3s (requests.exceptions.ConnectionError: ('Connection aborted.', ConnectionResetError(10054, 'An existing connection was forcibly closed by the remote host', None, 10054, None)))
2025-03-20 00:26:30,866 - spotify_api - INFO - Getting new access token
2025-03-20 00:39:08,200 - backoff - INFO - Backing off make_request(...) for 0.8s (requests.exceptions.HTTPError: 500 Server Error: Internal Server Error for url: https://api.spotify.com/v1/search?q=spacemen+3&type=artist&limit=1)
